<?xml version="1.0"?>
<!DOCTYPE coverage SYSTEM "http://cobertura.sourceforge.net/xml/coverage-04.dtd">

<coverage line-rate="1.0" branch-rate="1.0" lines-covered="39" lines-valid="39" branches-covered="10" branches-valid="10" complexity="1.9090909090909092" version="2.1.1" timestamp="1612182976286">
	<sources>
		<source>/home/octavi/Dropbox/feina/projectes/fam/albirar-template-engine/src/main/java</source>
		<source>--source</source>
		<source>/home/octavi/Dropbox/feina/projectes/fam/albirar-template-engine/target/generated-sources/delombok</source>
	</sources>
	<packages>
		<package name="cat.albirar.template.engine" line-rate="1.0" branch-rate="1.0" complexity="3.0">
			<classes>
				<class name="cat.albirar.template.engine.EContentType" filename="cat/albirar/template/engine/EContentType.java" line-rate="1.0" branch-rate="1.0" complexity="3.0">
					<methods>
						<method name="&lt;clinit&gt;" signature="()V" line-rate="1.0" branch-rate="1.0" complexity="0">
							<lines>
								<line number="28" hits="9" branch="false"/>
								<line number="29" hits="3" branch="false"/>
								<line number="30" hits="3" branch="false"/>
							</lines>
						</method>
						<method name="&lt;init&gt;" signature="(Ljava/lang/String;I)V" line-rate="1.0" branch-rate="1.0" complexity="0">
							<lines>
							</lines>
						</method>
						<method name="getMediaType" signature="()Ljava/lang/String;" line-rate="1.0" branch-rate="1.0" complexity="0">
							<lines>
								<line number="37" hits="2" branch="true" condition-coverage="100% (2/2)">
									<conditions>
										<condition number="0" type="jump" coverage="100%"/>
									</conditions>
								</line>
								<line number="38" hits="1" branch="false"/>
								<line number="40" hits="1" branch="false"/>
							</lines>
						</method>
						<method name="getTemplateMode" signature="()Lorg/thymeleaf/templatemode/TemplateMode;" line-rate="1.0" branch-rate="1.0" complexity="0">
							<lines>
								<line number="47" hits="12" branch="true" condition-coverage="100% (2/2)">
									<conditions>
										<condition number="0" type="jump" coverage="100%"/>
									</conditions>
								</line>
								<line number="48" hits="6" branch="false"/>
								<line number="50" hits="6" branch="false"/>
							</lines>
						</method>
						<method name="valueOf" signature="(Ljava/lang/String;)Lcat/albirar/template/engine/EContentType;" line-rate="1.0" branch-rate="1.0" complexity="0">
							<lines>
							</lines>
						</method>
						<method name="values" signature="()[Lcat/albirar/template/engine/EContentType;" line-rate="1.0" branch-rate="1.0" complexity="0">
							<lines>
							</lines>
						</method>
					</methods>
					<lines>
						<line number="28" hits="9" branch="false"/>
						<line number="29" hits="3" branch="false"/>
						<line number="30" hits="3" branch="false"/>
						<line number="37" hits="2" branch="true" condition-coverage="100% (2/2)">
							<conditions>
								<condition number="0" type="jump" coverage="100%"/>
							</conditions>
						</line>
						<line number="38" hits="1" branch="false"/>
						<line number="40" hits="1" branch="false"/>
						<line number="47" hits="12" branch="true" condition-coverage="100% (2/2)">
							<conditions>
								<condition number="0" type="jump" coverage="100%"/>
							</conditions>
						</line>
						<line number="48" hits="6" branch="false"/>
						<line number="50" hits="6" branch="false"/>
					</lines>
				</class>
			</classes>
		</package>
		<package name="cat.albirar.template.engine.configuration" line-rate="1.0" branch-rate="1.0" complexity="1.0">
			<classes>
				<class name="cat.albirar.template.engine.configuration.AutoconfigureTemplateEngine" filename="cat/albirar/template/engine/configuration/AutoconfigureTemplateEngine.java" line-rate="1.0" branch-rate="1.0" complexity="0.0">
					<methods>
					</methods>
					<lines>
					</lines>
				</class>
				<class name="cat.albirar.template.engine.configuration.PropertiesTemplate" filename="cat/albirar/template/engine/configuration/PropertiesTemplate.java" line-rate="1.0" branch-rate="1.0" complexity="0.0">
					<methods>
					</methods>
					<lines>
					</lines>
				</class>
				<class name="cat.albirar.template.engine.configuration.TemplateEngineConfiguration" filename="cat/albirar/template/engine/configuration/TemplateEngineConfiguration.java" line-rate="1.0" branch-rate="1.0" complexity="1.0">
					<methods>
						<method name="&lt;init&gt;" signature="()V" line-rate="1.0" branch-rate="1.0" complexity="0">
							<lines>
								<line number="43" hits="4" branch="false"/>
							</lines>
						</method>
						<method name="templateEngine" signature="(Lorg/thymeleaf/spring5/templateresolver/SpringResourceTemplateResolver;)Lorg/thymeleaf/spring5/SpringTemplateEngine;" line-rate="1.0" branch-rate="1.0" complexity="0">
							<lines>
								<line number="52" hits="3" branch="false"/>
								<line number="53" hits="3" branch="false"/>
								<line number="54" hits="3" branch="false"/>
							</lines>
						</method>
						<method name="thymeleafTemplateResolver" signature="(Ljava/lang/String;)Lorg/thymeleaf/spring5/templateresolver/SpringResourceTemplateResolver;" line-rate="1.0" branch-rate="1.0" complexity="0">
							<lines>
								<line number="64" hits="3" branch="false"/>
								<line number="65" hits="3" branch="false"/>
								<line number="66" hits="3" branch="false"/>
							</lines>
						</method>
					</methods>
					<lines>
						<line number="43" hits="4" branch="false"/>
						<line number="52" hits="3" branch="false"/>
						<line number="53" hits="3" branch="false"/>
						<line number="54" hits="3" branch="false"/>
						<line number="64" hits="3" branch="false"/>
						<line number="65" hits="3" branch="false"/>
						<line number="66" hits="3" branch="false"/>
					</lines>
				</class>
			</classes>
		</package>
		<package name="cat.albirar.template.engine.service.impl" line-rate="1.0" branch-rate="1.0" complexity="1.8571428571428572">
			<classes>
				<class name="cat.albirar.template.engine.service.impl.TemplateEngineContext" filename="cat/albirar/template/engine/service/impl/TemplateEngineContext.java" line-rate="1.0" branch-rate="1.0" complexity="2.0">
					<methods>
						<method name="&lt;init&gt;" signature="(Lcat/albirar/template/engine/models/TemplateInstanceBean;)V" line-rate="1.0" branch-rate="1.0" complexity="0">
							<lines>
								<line number="42" hits="13" branch="false"/>
								<line number="43" hits="13" branch="true" condition-coverage="100% (2/2)">
									<conditions>
										<condition number="0" type="jump" coverage="100%"/>
									</conditions>
								</line>
								<line number="44" hits="1" branch="false"/>
								<line number="46" hits="12" branch="false"/>
								<line number="47" hits="12" branch="false"/>
							</lines>
						</method>
						<method name="containsVariable" signature="(Ljava/lang/String;)Z" line-rate="1.0" branch-rate="1.0" complexity="0">
							<lines>
								<line number="61" hits="4" branch="true" condition-coverage="100% (2/2)">
									<conditions>
										<condition number="0" type="jump" coverage="100%"/>
									</conditions>
								</line>
								<line number="62" hits="3" branch="false"/>
								<line number="64" hits="1" branch="false"/>
							</lines>
						</method>
						<method name="getLocale" signature="()Ljava/util/Locale;" line-rate="1.0" branch-rate="1.0" complexity="0">
							<lines>
								<line number="53" hits="12" branch="false"/>
							</lines>
						</method>
						<method name="getTemplateInstance" signature="()Lcat/albirar/template/engine/models/TemplateInstanceBean;" line-rate="1.0" branch-rate="1.0" complexity="0">
							<lines>
								<line number="90" hits="1" branch="false"/>
							</lines>
						</method>
						<method name="getVariable" signature="(Ljava/lang/String;)Ljava/lang/Object;" line-rate="1.0" branch-rate="1.0" complexity="0">
							<lines>
								<line number="80" hits="20" branch="true" condition-coverage="100% (2/2)">
									<conditions>
										<condition number="0" type="jump" coverage="100%"/>
									</conditions>
								</line>
								<line number="81" hits="3" branch="false"/>
								<line number="83" hits="17" branch="false"/>
							</lines>
						</method>
						<method name="getVariableNames" signature="()Ljava/util/Set;" line-rate="1.0" branch-rate="1.0" complexity="0">
							<lines>
								<line number="72" hits="11" branch="false"/>
							</lines>
						</method>
					</methods>
					<lines>
						<line number="42" hits="13" branch="false"/>
						<line number="43" hits="13" branch="true" condition-coverage="100% (2/2)">
							<conditions>
								<condition number="0" type="jump" coverage="100%"/>
							</conditions>
						</line>
						<line number="44" hits="1" branch="false"/>
						<line number="46" hits="12" branch="false"/>
						<line number="47" hits="12" branch="false"/>
						<line number="53" hits="12" branch="false"/>
						<line number="61" hits="4" branch="true" condition-coverage="100% (2/2)">
							<conditions>
								<condition number="0" type="jump" coverage="100%"/>
							</conditions>
						</line>
						<line number="62" hits="3" branch="false"/>
						<line number="64" hits="1" branch="false"/>
						<line number="72" hits="11" branch="false"/>
						<line number="80" hits="20" branch="true" condition-coverage="100% (2/2)">
							<conditions>
								<condition number="0" type="jump" coverage="100%"/>
							</conditions>
						</line>
						<line number="81" hits="3" branch="false"/>
						<line number="83" hits="17" branch="false"/>
						<line number="90" hits="1" branch="false"/>
					</lines>
				</class>
				<class name="cat.albirar.template.engine.service.impl.TemplateEngineImpl" filename="cat/albirar/template/engine/service/impl/TemplateEngineImpl.java" line-rate="1.0" branch-rate="1.0" complexity="1.0">
					<methods>
						<method name="&lt;clinit&gt;" signature="()V" line-rate="1.0" branch-rate="1.0" complexity="0">
							<lines>
								<line number="42" hits="4" branch="false"/>
							</lines>
						</method>
						<method name="&lt;init&gt;" signature="()V" line-rate="1.0" branch-rate="1.0" complexity="0">
							<lines>
								<line number="41" hits="4" branch="false"/>
							</lines>
						</method>
						<method name="renderTemplate" signature="(Lcat/albirar/template/engine/models/TemplateInstanceBean;)Ljava/lang/String;" line-rate="1.0" branch-rate="1.0" complexity="0">
							<lines>
								<line number="55" hits="10" branch="false"/>
								<line number="56" hits="10" branch="false"/>
								<line number="57" hits="10" branch="false"/>
								<line number="58" hits="10" branch="false"/>
								<line number="59" hits="10" branch="false"/>
								<line number="60" hits="10" branch="false"/>
								<line number="61" hits="10" branch="false"/>
							</lines>
						</method>
					</methods>
					<lines>
						<line number="41" hits="4" branch="false"/>
						<line number="42" hits="4" branch="false"/>
						<line number="55" hits="10" branch="false"/>
						<line number="56" hits="10" branch="false"/>
						<line number="57" hits="10" branch="false"/>
						<line number="58" hits="10" branch="false"/>
						<line number="59" hits="10" branch="false"/>
						<line number="60" hits="10" branch="false"/>
						<line number="61" hits="10" branch="false"/>
					</lines>
				</class>
			</classes>
		</package>
	</packages>
</coverage>
